<?xml version="1.0" encoding="UTF-8"?>
<!-- Generated by org.testng.reporters.JUnitXMLReporter -->
<testsuite ignored="0" hostname="Luckys-MacBook-Pro.local" failures="0" tests="8" name="Book API Tests" time="9.421" errors="0" timestamp="2025-09-05T12:48:59 IST">
  <testcase classname="tests.BookApiTest" name="createBook" time="5.269"/>
  <testcase classname="tests.BookApiTest" name="getBook" time="0.096"/>
  <testcase classname="tests.BookApiTest" name="updateBook" time="0.064"/>
  <testcase classname="tests.BookApiTest" name="deleteBook" time="0.036"/>
  <testcase classname="tests.BookApiTest" name="createBookWithoutAuth" time="0.013"/>
  <testcase classname="tests.BookApiTest" name="getNonExistingBook" time="0.018"/>
  <testcase classname="tests.BookApiTest" name="createBookWithMissingFields" time="0.029"/>
  <testcase classname="tests.BookApiTest" name="loginWithWrongPassword" time="0.305"/>
</testsuite> <!-- Book API Tests -->
