<?xml version="1.0" encoding="UTF-8"?>
<!-- Generated by org.testng.reporters.JUnitXMLReporter -->
<testsuite ignored="0" hostname="Luckys-MacBook-Pro.local" failures="0" tests="8" name="Book API Tests" time="9.448" errors="0" timestamp="2025-09-05T17:11:05 IST">
  <testcase classname="tests.BookApiTest" name="createBook" time="5.281"/>
  <testcase classname="tests.BookApiTest" name="getBook" time="0.105"/>
  <testcase classname="tests.BookApiTest" name="updateBook" time="0.073"/>
  <testcase classname="tests.BookApiTest" name="deleteBook" time="0.04"/>
  <testcase classname="tests.BookApiTest" name="createBookWithoutAuth" time="0.017"/>
  <testcase classname="tests.BookApiTest" name="getNonExistingBook" time="0.02"/>
  <testcase classname="tests.BookApiTest" name="createBookWithMissingFields" time="0.029"/>
  <testcase classname="tests.BookApiTest" name="loginWithWrongPassword" time="0.278"/>
</testsuite> <!-- Book API Tests -->
