<?xml version="1.0" encoding="UTF-8"?>
<!-- Generated by org.testng.reporters.JUnitXMLReporter -->
<testsuite ignored="0" hostname="Luckys-MacBook-Pro.local" failures="0" tests="4" name="Default test" time="9.096" errors="0" timestamp="2025-09-05T12:34:55 IST">
  <testcase classname="tests.BookApiTest" name="createBook" time="5.282"/>
  <testcase classname="tests.BookApiTest" name="getBook" time="0.105"/>
  <testcase classname="tests.BookApiTest" name="updateBook" time="0.055"/>
  <testcase classname="tests.BookApiTest" name="deleteBook" time="0.045"/>
</testsuite> <!-- Default test -->
