<?xml version="1.0" encoding="UTF-8"?>
<!-- Generated by org.testng.reporters.JUnitXMLReporter -->
<testsuite ignored="0" hostname="Luckys-MacBook-Pro.local" failures="0" tests="8" name="Book API Tests" time="6.392" errors="0" timestamp="2025-09-05T16:15:29 IST">
  <testcase classname="tests.BookApiTest" name="createBook" time="5.074"/>
  <testcase classname="tests.BookApiTest" name="getBook" time="0.022"/>
  <testcase classname="tests.BookApiTest" name="updateBook" time="0.013"/>
  <testcase classname="tests.BookApiTest" name="deleteBook" time="0.012"/>
  <testcase classname="tests.BookApiTest" name="createBookWithoutAuth" time="0.005"/>
  <testcase classname="tests.BookApiTest" name="getNonExistingBook" time="0.005"/>
  <testcase classname="tests.BookApiTest" name="createBookWithMissingFields" time="0.008"/>
  <testcase classname="tests.BookApiTest" name="loginWithWrongPassword" time="0.238"/>
</testsuite> <!-- Book API Tests -->
