<?xml version="1.0" encoding="UTF-8"?>
<testng-results ignored="0" total="8" passed="8" failed="0" skipped="0">
  <reporter-output>
  </reporter-output>
  <suite started-at="2025-09-05T17:10:55 IST" name="Bookstore API Suite" finished-at="2025-09-05T17:11:05 IST" duration-ms="9448">
    <groups>
    </groups>
    <test started-at="2025-09-05T17:10:55 IST" name="Book API Tests" finished-at="2025-09-05T17:11:05 IST" duration-ms="9448">
      <class name="tests.BookApiTest">
        <test-method is-config="true" signature="setup()[pri:0, instance:tests.BookApiTest@5a59ca5e]" started-at="2025-09-05T17:10:56 IST" name="setup" finished-at="2025-09-05T17:10:56 IST" duration-ms="500" status="PASS">
          <reporter-output>
          </reporter-output>
        </test-method> <!-- setup -->
        <test-method is-config="true" signature="setupUserAndLogin()[pri:0, instance:tests.BookApiTest@5a59ca5e]" started-at="2025-09-05T17:10:56 IST" name="setupUserAndLogin" finished-at="2025-09-05T17:10:59 IST" duration-ms="2932" status="PASS">
          <reporter-output>
          </reporter-output>
        </test-method> <!-- setupUserAndLogin -->
        <test-method signature="createBook()[pri:1, instance:tests.BookApiTest@5a59ca5e]" started-at="2025-09-05T17:10:59 IST" name="createBook" finished-at="2025-09-05T17:11:04 IST" duration-ms="5281" status="PASS">
          <reporter-output>
          </reporter-output>
        </test-method> <!-- createBook -->
        <test-method signature="getBook()[pri:2, instance:tests.BookApiTest@5a59ca5e]" started-at="2025-09-05T17:11:04 IST" name="getBook" finished-at="2025-09-05T17:11:04 IST" duration-ms="105" status="PASS">
          <reporter-output>
          </reporter-output>
        </test-method> <!-- getBook -->
        <test-method signature="updateBook()[pri:3, instance:tests.BookApiTest@5a59ca5e]" started-at="2025-09-05T17:11:04 IST" name="updateBook" finished-at="2025-09-05T17:11:05 IST" duration-ms="73" status="PASS">
          <reporter-output>
          </reporter-output>
        </test-method> <!-- updateBook -->
        <test-method signature="deleteBook()[pri:4, instance:tests.BookApiTest@5a59ca5e]" started-at="2025-09-05T17:11:05 IST" name="deleteBook" finished-at="2025-09-05T17:11:05 IST" duration-ms="40" status="PASS">
          <reporter-output>
          </reporter-output>
        </test-method> <!-- deleteBook -->
        <test-method signature="createBookWithoutAuth()[pri:5, instance:tests.BookApiTest@5a59ca5e]" started-at="2025-09-05T17:11:05 IST" name="createBookWithoutAuth" finished-at="2025-09-05T17:11:05 IST" duration-ms="17" status="PASS">
          <reporter-output>
          </reporter-output>
        </test-method> <!-- createBookWithoutAuth -->
        <test-method signature="getNonExistingBook()[pri:6, instance:tests.BookApiTest@5a59ca5e]" started-at="2025-09-05T17:11:05 IST" name="getNonExistingBook" finished-at="2025-09-05T17:11:05 IST" duration-ms="20" status="PASS">
          <reporter-output>
          </reporter-output>
        </test-method> <!-- getNonExistingBook -->
        <test-method signature="createBookWithMissingFields()[pri:7, instance:tests.BookApiTest@5a59ca5e]" started-at="2025-09-05T17:11:05 IST" name="createBookWithMissingFields" finished-at="2025-09-05T17:11:05 IST" duration-ms="29" status="PASS">
          <reporter-output>
          </reporter-output>
        </test-method> <!-- createBookWithMissingFields -->
        <test-method signature="loginWithWrongPassword()[pri:8, instance:tests.BookApiTest@5a59ca5e]" started-at="2025-09-05T17:11:05 IST" name="loginWithWrongPassword" finished-at="2025-09-05T17:11:05 IST" duration-ms="278" status="PASS">
          <reporter-output>
          </reporter-output>
        </test-method> <!-- loginWithWrongPassword -->
      </class> <!-- tests.BookApiTest -->
    </test> <!-- Book API Tests -->
  </suite> <!-- Bookstore API Suite -->
</testng-results>
