<?xml version="1.0" encoding="UTF-8"?>
<testng-results ignored="0" total="8" passed="8" failed="0" skipped="0">
  <reporter-output>
  </reporter-output>
  <suite started-at="2025-09-05T16:15:23 IST" name="Bookstore API Suite" finished-at="2025-09-05T16:15:29 IST" duration-ms="6392">
    <groups>
    </groups>
    <test started-at="2025-09-05T16:15:23 IST" name="Book API Tests" finished-at="2025-09-05T16:15:29 IST" duration-ms="6392">
      <class name="tests.BookApiTest">
        <test-method is-config="true" signature="setup()[pri:0, instance:tests.BookApiTest@19e4653c]" started-at="2025-09-05T16:15:23 IST" name="setup" finished-at="2025-09-05T16:15:23 IST" duration-ms="153" status="PASS">
          <reporter-output>
          </reporter-output>
        </test-method> <!-- setup -->
        <test-method is-config="true" signature="setupUserAndLogin()[pri:0, instance:tests.BookApiTest@19e4653c]" started-at="2025-09-05T16:15:23 IST" name="setupUserAndLogin" finished-at="2025-09-05T16:15:24 IST" duration-ms="814" status="PASS">
          <reporter-output>
          </reporter-output>
        </test-method> <!-- setupUserAndLogin -->
        <test-method signature="createBook()[pri:1, instance:tests.BookApiTest@19e4653c]" started-at="2025-09-05T16:15:24 IST" name="createBook" finished-at="2025-09-05T16:15:29 IST" duration-ms="5074" status="PASS">
          <reporter-output>
          </reporter-output>
        </test-method> <!-- createBook -->
        <test-method signature="getBook()[pri:2, instance:tests.BookApiTest@19e4653c]" started-at="2025-09-05T16:15:29 IST" name="getBook" finished-at="2025-09-05T16:15:29 IST" duration-ms="22" status="PASS">
          <reporter-output>
          </reporter-output>
        </test-method> <!-- getBook -->
        <test-method signature="updateBook()[pri:3, instance:tests.BookApiTest@19e4653c]" started-at="2025-09-05T16:15:29 IST" name="updateBook" finished-at="2025-09-05T16:15:29 IST" duration-ms="13" status="PASS">
          <reporter-output>
          </reporter-output>
        </test-method> <!-- updateBook -->
        <test-method signature="deleteBook()[pri:4, instance:tests.BookApiTest@19e4653c]" started-at="2025-09-05T16:15:29 IST" name="deleteBook" finished-at="2025-09-05T16:15:29 IST" duration-ms="12" status="PASS">
          <reporter-output>
          </reporter-output>
        </test-method> <!-- deleteBook -->
        <test-method signature="createBookWithoutAuth()[pri:5, instance:tests.BookApiTest@19e4653c]" started-at="2025-09-05T16:15:29 IST" name="createBookWithoutAuth" finished-at="2025-09-05T16:15:29 IST" duration-ms="5" status="PASS">
          <reporter-output>
          </reporter-output>
        </test-method> <!-- createBookWithoutAuth -->
        <test-method signature="getNonExistingBook()[pri:6, instance:tests.BookApiTest@19e4653c]" started-at="2025-09-05T16:15:29 IST" name="getNonExistingBook" finished-at="2025-09-05T16:15:29 IST" duration-ms="5" status="PASS">
          <reporter-output>
          </reporter-output>
        </test-method> <!-- getNonExistingBook -->
        <test-method signature="createBookWithMissingFields()[pri:7, instance:tests.BookApiTest@19e4653c]" started-at="2025-09-05T16:15:29 IST" name="createBookWithMissingFields" finished-at="2025-09-05T16:15:29 IST" duration-ms="8" status="PASS">
          <reporter-output>
          </reporter-output>
        </test-method> <!-- createBookWithMissingFields -->
        <test-method signature="loginWithWrongPassword()[pri:8, instance:tests.BookApiTest@19e4653c]" started-at="2025-09-05T16:15:29 IST" name="loginWithWrongPassword" finished-at="2025-09-05T16:15:29 IST" duration-ms="238" status="PASS">
          <reporter-output>
          </reporter-output>
        </test-method> <!-- loginWithWrongPassword -->
      </class> <!-- tests.BookApiTest -->
    </test> <!-- Book API Tests -->
  </suite> <!-- Bookstore API Suite -->
</testng-results>
